<?xml version="1.0" encoding="UTF-8"?>
<testng-results skipped="0" failed="0" ignored="0" total="2" passed="2">
  <reporter-output>
  </reporter-output>
  <suite name="Default suite" duration-ms="36109" started-at="2017-12-08T05:09:51Z" finished-at="2017-12-08T05:10:28Z">
    <groups>
    </groups>
    <test name="Default test" duration-ms="36109" started-at="2017-12-08T05:09:51Z" finished-at="2017-12-08T05:10:28Z">
      <class name="seleniumGrid.Grid2">
        <test-method status="PASS" signature="setUp()[pri:0, instance:seleniumGrid.Grid2@e2abd]" name="setUp" is-config="true" duration-ms="6473" started-at="2017-12-08T10:39:51Z" finished-at="2017-12-08T10:39:58Z">
          <reporter-output>
          </reporter-output>
        </test-method> <!-- setUp -->
        <test-method status="PASS" signature="applicationAccess1()[pri:0, instance:seleniumGrid.Grid2@e2abd]" name="applicationAccess1" duration-ms="15730" started-at="2017-12-08T10:39:58Z" finished-at="2017-12-08T10:40:14Z">
          <reporter-output>
          </reporter-output>
        </test-method> <!-- applicationAccess1 -->
        <test-method status="PASS" signature="applicationAccess2()[pri:0, instance:seleniumGrid.Grid2@e2abd]" name="applicationAccess2" duration-ms="11248" started-at="2017-12-08T10:40:14Z" finished-at="2017-12-08T10:40:25Z">
          <reporter-output>
          </reporter-output>
        </test-method> <!-- applicationAccess2 -->
        <test-method status="PASS" signature="close()[pri:0, instance:seleniumGrid.Grid2@e2abd]" name="close" is-config="true" duration-ms="2625" started-at="2017-12-08T10:40:25Z" finished-at="2017-12-08T10:40:28Z">
          <reporter-output>
          </reporter-output>
        </test-method> <!-- close -->
      </class> <!-- seleniumGrid.Grid2 -->
    </test> <!-- Default test -->
  </suite> <!-- Default suite -->
</testng-results>
