<?xml version="1.0" encoding="UTF-8"?>
<testng-results skipped="0" failed="1" ignored="0" total="4" passed="3">
  <reporter-output>
    <line>
      <![CDATA[username is displayed]]>
    </line>
  </reporter-output>
  <suite name="Default suite" duration-ms="82058" started-at="2017-11-06T05:48:16Z" finished-at="2017-11-06T05:49:38Z">
    <groups>
    </groups>
    <test name="Default test" duration-ms="82058" started-at="2017-11-06T05:48:16Z" finished-at="2017-11-06T05:49:38Z">
      <class name="practise.TestNg_practise">
        <test-method status="PASS" signature="setup()[pri:0, instance:practise.TestNg_practise@24a67]" name="setup" is-config="true" duration-ms="5879" started-at="2017-11-06T11:18:16Z" finished-at="2017-11-06T11:18:22Z">
          <reporter-output>
          </reporter-output>
        </test-method> <!-- setup -->
        <test-method status="PASS" signature="HomePage()[pri:0, instance:practise.TestNg_practise@24a67]" name="HomePage" duration-ms="5790" started-at="2017-11-06T11:18:22Z" finished-at="2017-11-06T11:18:27Z">
          <reporter-output>
            <line>
              <![CDATA[username is displayed]]>
            </line>
          </reporter-output>
        </test-method> <!-- HomePage -->
        <test-method status="PASS" signature="Lead()[pri:0, instance:practise.TestNg_practise@24a67]" name="Lead" duration-ms="3156" started-at="2017-11-06T11:18:27Z" finished-at="2017-11-06T11:18:31Z">
          <reporter-output>
          </reporter-output>
        </test-method> <!-- Lead -->
        <test-method status="FAIL" signature="Verify_Elements()[pri:0, instance:practise.TestNg_practise@24a67]" name="Verify_Elements" duration-ms="60146" started-at="2017-11-06T11:18:31Z" finished-at="2017-11-06T11:19:31Z">
          <exception class="org.openqa.selenium.TimeoutException">
            <message>
              <![CDATA[Expected condition failed: waiting for title to be "user1 - Home - vtiger CRM 5 - Commercial Open Source CRM". Current title: "user1 - Leads - vtiger CRM 5 - Commercial Open Source CRM" (tried for 60 second(s) with 500 MILLISECONDS interval)
Build info: version: '3.4.0', revision: 'unknown', time: 'unknown'
System info: host: 'ADMIN-PC', ip: '192.168.0.114', os.name: 'Windows 7', os.arch: 'x86', os.version: '6.1', java.version: '1.8.0_112'
Driver info: org.openqa.selenium.chrome.ChromeDriver
Capabilities [{applicationCacheEnabled=false, rotatable=false, mobileEmulationEnabled=false, networkConnectionEnabled=false, chrome={chromedriverVersion=2.29.461591 (62ebf098771772160f391d75e589dc567915b233), userDataDir=C:\Users\Lab\AppData\Local\Temp\scoped_dir2180_6300}, takesHeapSnapshot=true, pageLoadStrategy=normal, databaseEnabled=false, handlesAlerts=true, hasTouchScreen=false, version=61.0.3163.100, platform=XP, browserConnectionEnabled=false, nativeEvents=true, acceptSslCerts=true, locationContextEnabled=true, webStorageEnabled=true, browserName=chrome, takesScreenshot=true, javascriptEnabled=true, cssSelectorsEnabled=true, unexpectedAlertBehaviour=}]
Session ID: 76b009acb332e5ef0e29baf48ed234f3]]>
            </message>
            <full-stacktrace>
              <![CDATA[org.openqa.selenium.TimeoutException: Expected condition failed: waiting for title to be "user1 - Home - vtiger CRM 5 - Commercial Open Source CRM". Current title: "user1 - Leads - vtiger CRM 5 - Commercial Open Source CRM" (tried for 60 second(s) with 500 MILLISECONDS interval)
Build info: version: '3.4.0', revision: 'unknown', time: 'unknown'
System info: host: 'ADMIN-PC', ip: '192.168.0.114', os.name: 'Windows 7', os.arch: 'x86', os.version: '6.1', java.version: '1.8.0_112'
Driver info: org.openqa.selenium.chrome.ChromeDriver
Capabilities [{applicationCacheEnabled=false, rotatable=false, mobileEmulationEnabled=false, networkConnectionEnabled=false, chrome={chromedriverVersion=2.29.461591 (62ebf098771772160f391d75e589dc567915b233), userDataDir=C:\Users\Lab\AppData\Local\Temp\scoped_dir2180_6300}, takesHeapSnapshot=true, pageLoadStrategy=normal, databaseEnabled=false, handlesAlerts=true, hasTouchScreen=false, version=61.0.3163.100, platform=XP, browserConnectionEnabled=false, nativeEvents=true, acceptSslCerts=true, locationContextEnabled=true, webStorageEnabled=true, browserName=chrome, takesScreenshot=true, javascriptEnabled=true, cssSelectorsEnabled=true, unexpectedAlertBehaviour=}]
Session ID: 76b009acb332e5ef0e29baf48ed234f3
	at org.openqa.selenium.support.ui.WebDriverWait.timeoutException(WebDriverWait.java:80)
	at org.openqa.selenium.support.ui.FluentWait.until(FluentWait.java:232)
	at practise.TestNg_practise.Verify_Elements(TestNg_practise.java:77)
	at sun.reflect.NativeMethodAccessorImpl.invoke0(Native Method)
	at sun.reflect.NativeMethodAccessorImpl.invoke(NativeMethodAccessorImpl.java:62)
	at sun.reflect.DelegatingMethodAccessorImpl.invoke(DelegatingMethodAccessorImpl.java:43)
	at java.lang.reflect.Method.invoke(Method.java:498)
	at org.testng.internal.MethodInvocationHelper.invokeMethod(MethodInvocationHelper.java:108)
	at org.testng.internal.Invoker.invokeMethod(Invoker.java:661)
	at org.testng.internal.Invoker.invokeTestMethod(Invoker.java:869)
	at org.testng.internal.Invoker.invokeTestMethods(Invoker.java:1193)
	at org.testng.internal.TestMethodWorker.invokeTestMethods(TestMethodWorker.java:126)
	at org.testng.internal.TestMethodWorker.run(TestMethodWorker.java:109)
	at org.testng.TestRunner.privateRun(TestRunner.java:744)
	at org.testng.TestRunner.run(TestRunner.java:602)
	at org.testng.SuiteRunner.runTest(SuiteRunner.java:380)
	at org.testng.SuiteRunner.runSequentially(SuiteRunner.java:375)
	at org.testng.SuiteRunner.privateRun(SuiteRunner.java:340)
	at org.testng.SuiteRunner.run(SuiteRunner.java:289)
	at org.testng.SuiteRunnerWorker.runSuite(SuiteRunnerWorker.java:52)
	at org.testng.SuiteRunnerWorker.run(SuiteRunnerWorker.java:86)
	at org.testng.TestNG.runSuitesSequentially(TestNG.java:1301)
	at org.testng.TestNG.runSuitesLocally(TestNG.java:1226)
	at org.testng.TestNG.runSuites(TestNG.java:1144)
	at org.testng.TestNG.run(TestNG.java:1115)
	at org.testng.remote.AbstractRemoteTestNG.run(AbstractRemoteTestNG.java:132)
	at org.testng.remote.RemoteTestNG.initAndRun(RemoteTestNG.java:230)
	at org.testng.remote.RemoteTestNG.main(RemoteTestNG.java:76)
]]>
            </full-stacktrace>
          </exception> <!-- org.openqa.selenium.TimeoutException -->
          <reporter-output>
          </reporter-output>
        </test-method> <!-- Verify_Elements -->
        <test-method status="PASS" signature="logout()[pri:0, instance:practise.TestNg_practise@24a67]" name="logout" duration-ms="5857" started-at="2017-11-06T11:19:31Z" finished-at="2017-11-06T11:19:37Z">
          <reporter-output>
          </reporter-output>
        </test-method> <!-- logout -->
        <test-method status="PASS" signature="ShutDown()[pri:0, instance:practise.TestNg_practise@24a67]" name="ShutDown" is-config="true" duration-ms="1199" started-at="2017-11-06T11:19:37Z" finished-at="2017-11-06T11:19:38Z">
          <reporter-output>
          </reporter-output>
        </test-method> <!-- ShutDown -->
      </class> <!-- practise.TestNg_practise -->
    </test> <!-- Default test -->
  </suite> <!-- Default suite -->
</testng-results>
